
 /----------------------------------------------------------------------------\
 |                                                                            |
 |  yosys -- Yosys Open SYnthesis Suite                                       |
 |                                                                            |
 |  Copyright (C) 2012 - 2020  Claire Xenia Wolf <claire@yosyshq.com>         |
 |                                                                            |
 |  Permission to use, copy, modify, and/or distribute this software for any  |
 |  purpose with or without fee is hereby granted, provided that the above    |
 |  copyright notice and this permission notice appear in all copies.         |
 |                                                                            |
 |  THE SOFTWARE IS PROVIDED "AS IS" AND THE AUTHOR DISCLAIMS ALL WARRANTIES  |
 |  WITH REGARD TO THIS SOFTWARE INCLUDING ALL IMPLIED WARRANTIES OF          |
 |  MERCHANTABILITY AND FITNESS. IN NO EVENT SHALL THE AUTHOR BE LIABLE FOR   |
 |  ANY SPECIAL, DIRECT, INDIRECT, OR CONSEQUENTIAL DAMAGES OR ANY DAMAGES    |
 |  WHATSOEVER RESULTING FROM LOSS OF USE, DATA OR PROFITS, WHETHER IN AN     |
 |  ACTION OF CONTRACT, NEGLIGENCE OR OTHER TORTIOUS ACTION, ARISING OUT OF   |
 |  OR IN CONNECTION WITH THE USE OR PERFORMANCE OF THIS SOFTWARE.            |
 |                                                                            |
 \----------------------------------------------------------------------------/

 Yosys 0.26+1 (git sha1 b1a011138, x86_64-w64-mingw32-g++ 9.2.1 -Os)


-- Running command `read_verilog -sv ../design/B1_decodificador_de_paridad.sv ../design/B2_corrector_de_error.sv ../design/B3_despliegue_de_leds.sv ../design/B4_selector.sv ../design/B5_7segmentos.sv ../design/top.sv ; synth_gowin -top top -json hamming_decoder.json' --

1. Executing Verilog-2005 frontend: ../design/B1_decodificador_de_paridad.sv
Parsing SystemVerilog input from `../design/B1_decodificador_de_paridad.sv' to AST representation.
Generating RTLIL representation for module `\B1_decodificador_de_paridad'.
Successfully finished Verilog frontend.

2. Executing Verilog-2005 frontend: ../design/B2_corrector_de_error.sv
Parsing SystemVerilog input from `../design/B2_corrector_de_error.sv' to AST representation.
Generating RTLIL representation for module `\B2_corrector_de_error'.
Successfully finished Verilog frontend.

3. Executing Verilog-2005 frontend: ../design/B3_despliegue_de_leds.sv
Parsing SystemVerilog input from `../design/B3_despliegue_de_leds.sv' to AST representation.
Generating RTLIL representation for module `\B3_despliegue_led'.
Successfully finished Verilog frontend.

4. Executing Verilog-2005 frontend: ../design/B4_selector.sv
Parsing SystemVerilog input from `../design/B4_selector.sv' to AST representation.
Generating RTLIL representation for module `\B4_selector'.
Successfully finished Verilog frontend.

5. Executing Verilog-2005 frontend: ../design/B5_7segmentos.sv
Parsing SystemVerilog input from `../design/B5_7segmentos.sv' to AST representation.
Generating RTLIL representation for module `\B5_7segmentos'.
Successfully finished Verilog frontend.

6. Executing Verilog-2005 frontend: ../design/top.sv
Parsing SystemVerilog input from `../design/top.sv' to AST representation.
Generating RTLIL representation for module `\top'.
Successfully finished Verilog frontend.

7. Executing SYNTH_GOWIN pass.

7.1. Executing Verilog-2005 frontend: C:\Users\ncs16\DOWNLO~1\OSS-CA~1\bin\../share/yosys/gowin/cells_sim.v
Parsing Verilog input from `C:\Users\ncs16\DOWNLO~1\OSS-CA~1\bin\../share/yosys/gowin/cells_sim.v' to AST representation.
Generating RTLIL representation for module `\LUT1'.
Generating RTLIL representation for module `\LUT2'.
Generating RTLIL representation for module `\LUT3'.
Generating RTLIL representation for module `\LUT4'.
Generating RTLIL representation for module `\__APICULA_LUT5'.
Generating RTLIL representation for module `\__APICULA_LUT6'.
Generating RTLIL representation for module `\__APICULA_LUT7'.
Generating RTLIL representation for module `\__APICULA_LUT8'.
Generating RTLIL representation for module `\MUX2'.
Generating RTLIL representation for module `\MUX2_LUT5'.
Generating RTLIL representation for module `\MUX2_LUT6'.
Generating RTLIL representation for module `\MUX2_LUT7'.
Generating RTLIL representation for module `\MUX2_LUT8'.
Generating RTLIL representation for module `\DFF'.
Generating RTLIL representation for module `\DFFE'.
Generating RTLIL representation for module `\DFFS'.
Generating RTLIL representation for module `\DFFSE'.
Generating RTLIL representation for module `\DFFR'.
Generating RTLIL representation for module `\DFFRE'.
Generating RTLIL representation for module `\DFFP'.
Generating RTLIL representation for module `\DFFPE'.
Generating RTLIL representation for module `\DFFC'.
Generating RTLIL representation for module `\DFFCE'.
Generating RTLIL representation for module `\DFFN'.
Generating RTLIL representation for module `\DFFNE'.
Generating RTLIL representation for module `\DFFNS'.
Generating RTLIL representation for module `\DFFNSE'.
Generating RTLIL representation for module `\DFFNR'.
Generating RTLIL representation for module `\DFFNRE'.
Generating RTLIL representation for module `\DFFNP'.
Generating RTLIL representation for module `\DFFNPE'.
Generating RTLIL representation for module `\DFFNC'.
Generating RTLIL representation for module `\DFFNCE'.
Generating RTLIL representation for module `\VCC'.
Generating RTLIL representation for module `\GND'.
Generating RTLIL representation for module `\IBUF'.
Generating RTLIL representation for module `\OBUF'.
Generating RTLIL representation for module `\TBUF'.
Generating RTLIL representation for module `\IOBUF'.
Generating RTLIL representation for module `\TLVDS_OBUF'.
Generating RTLIL representation for module `\ODDR'.
Generating RTLIL representation for module `\ODDRC'.
Generating RTLIL representation for module `\GSR'.
Generating RTLIL representation for module `\ALU'.
Generating RTLIL representation for module `\RAM16S1'.
Generating RTLIL representation for module `\RAM16S2'.
Generating RTLIL representation for module `\RAM16S4'.
Generating RTLIL representation for module `\RAM16SDP1'.
Generating RTLIL representation for module `\RAM16SDP2'.
Generating RTLIL representation for module `\RAM16SDP4'.
Generating RTLIL representation for module `\SP'.
Generating RTLIL representation for module `\SPX9'.
Generating RTLIL representation for module `\SDP'.
Generating RTLIL representation for module `\SDPX9'.
Generating RTLIL representation for module `\DP'.
Generating RTLIL representation for module `\DPX9'.
Generating RTLIL representation for module `\rPLL'.
Generating RTLIL representation for module `\PLLVR'.
Generating RTLIL representation for module `\OSC'.
Generating RTLIL representation for module `\OSCZ'.
Generating RTLIL representation for module `\OSCF'.
Generating RTLIL representation for module `\OSCH'.
Successfully finished Verilog frontend.

7.2. Executing HIERARCHY pass (managing design hierarchy).

7.2.1. Analyzing design hierarchy..
Top module:  \top
Used module:     \B5_7segmentos
Used module:     \B3_despliegue_led
Used module:     \B4_selector
Used module:     \B2_corrector_de_error
Used module:     \B1_decodificador_de_paridad

7.2.2. Analyzing design hierarchy..
Top module:  \top
Used module:     \B5_7segmentos
Used module:     \B3_despliegue_led
Used module:     \B4_selector
Used module:     \B2_corrector_de_error
Used module:     \B1_decodificador_de_paridad
Removed 0 unused modules.

7.3. Executing PROC pass (convert processes to netlists).

7.3.1. Executing PROC_CLEAN pass (remove empty switches from decision trees).
Found and cleaned up 1 empty switch in `\ALU.$proc$C:\Users\ncs16\DOWNLO~1\OSS-CA~1\bin\../share/yosys/gowin/cells_sim.v:661$252'.
Cleaned up 1 empty switch.

7.3.2. Executing PROC_RMDEAD pass (remove dead branches from decision trees).
Marked 1 switch rules as full_case in process $proc$C:\Users\ncs16\DOWNLO~1\OSS-CA~1\bin\../share/yosys/gowin/cells_sim.v:535$248 in module DFFNCE.
Marked 1 switch rules as full_case in process $proc$C:\Users\ncs16\DOWNLO~1\OSS-CA~1\bin\../share/yosys/gowin/cells_sim.v:515$246 in module DFFNC.
Marked 1 switch rules as full_case in process $proc$C:\Users\ncs16\DOWNLO~1\OSS-CA~1\bin\../share/yosys/gowin/cells_sim.v:496$244 in module DFFNPE.
Marked 1 switch rules as full_case in process $proc$C:\Users\ncs16\DOWNLO~1\OSS-CA~1\bin\../share/yosys/gowin/cells_sim.v:476$242 in module DFFNP.
Marked 1 switch rules as full_case in process $proc$C:\Users\ncs16\DOWNLO~1\OSS-CA~1\bin\../share/yosys/gowin/cells_sim.v:457$240 in module DFFNRE.
Marked 1 switch rules as full_case in process $proc$C:\Users\ncs16\DOWNLO~1\OSS-CA~1\bin\../share/yosys/gowin/cells_sim.v:437$238 in module DFFNR.
Marked 1 switch rules as full_case in process $proc$C:\Users\ncs16\DOWNLO~1\OSS-CA~1\bin\../share/yosys/gowin/cells_sim.v:418$236 in module DFFNSE.
Marked 1 switch rules as full_case in process $proc$C:\Users\ncs16\DOWNLO~1\OSS-CA~1\bin\../share/yosys/gowin/cells_sim.v:398$234 in module DFFNS.
Marked 1 switch rules as full_case in process $proc$C:\Users\ncs16\DOWNLO~1\OSS-CA~1\bin\../share/yosys/gowin/cells_sim.v:348$228 in module DFFCE.
Marked 1 switch rules as full_case in process $proc$C:\Users\ncs16\DOWNLO~1\OSS-CA~1\bin\../share/yosys/gowin/cells_sim.v:328$226 in module DFFC.
Marked 1 switch rules as full_case in process $proc$C:\Users\ncs16\DOWNLO~1\OSS-CA~1\bin\../share/yosys/gowin/cells_sim.v:309$224 in module DFFPE.
Marked 1 switch rules as full_case in process $proc$C:\Users\ncs16\DOWNLO~1\OSS-CA~1\bin\../share/yosys/gowin/cells_sim.v:289$222 in module DFFP.
Marked 1 switch rules as full_case in process $proc$C:\Users\ncs16\DOWNLO~1\OSS-CA~1\bin\../share/yosys/gowin/cells_sim.v:270$220 in module DFFRE.
Marked 1 switch rules as full_case in process $proc$C:\Users\ncs16\DOWNLO~1\OSS-CA~1\bin\../share/yosys/gowin/cells_sim.v:250$218 in module DFFR.
Marked 1 switch rules as full_case in process $proc$C:\Users\ncs16\DOWNLO~1\OSS-CA~1\bin\../share/yosys/gowin/cells_sim.v:231$216 in module DFFSE.
Marked 1 switch rules as full_case in process $proc$C:\Users\ncs16\DOWNLO~1\OSS-CA~1\bin\../share/yosys/gowin/cells_sim.v:211$214 in module DFFS.
Removed 1 dead cases from process $proc$../design/B5_7segmentos.sv:0$25 in module B5_7segmentos.
Marked 1 switch rules as full_case in process $proc$../design/B5_7segmentos.sv:0$25 in module B5_7segmentos.
Marked 1 switch rules as full_case in process $proc$../design/B4_selector.sv:0$23 in module B4_selector.
Marked 1 switch rules as full_case in process $proc$../design/B2_corrector_de_error.sv:0$14 in module B2_corrector_de_error.
Removed a total of 1 dead cases.

7.3.3. Executing PROC_PRUNE pass (remove redundant assignments in processes).
Removed 8 redundant assignments.
Promoted 29 assignments to connections.

7.3.4. Executing PROC_INIT pass (extract init attributes).
Found init rule in `\DFFNCE.$proc$C:\Users\ncs16\DOWNLO~1\OSS-CA~1\bin\../share/yosys/gowin/cells_sim.v:0$249'.
  Set init value: \Q = 1'0
Found init rule in `\DFFNC.$proc$C:\Users\ncs16\DOWNLO~1\OSS-CA~1\bin\../share/yosys/gowin/cells_sim.v:0$247'.
  Set init value: \Q = 1'0
Found init rule in `\DFFNPE.$proc$C:\Users\ncs16\DOWNLO~1\OSS-CA~1\bin\../share/yosys/gowin/cells_sim.v:0$245'.
  Set init value: \Q = 1'1
Found init rule in `\DFFNP.$proc$C:\Users\ncs16\DOWNLO~1\OSS-CA~1\bin\../share/yosys/gowin/cells_sim.v:0$243'.
  Set init value: \Q = 1'1
Found init rule in `\DFFNRE.$proc$C:\Users\ncs16\DOWNLO~1\OSS-CA~1\bin\../share/yosys/gowin/cells_sim.v:0$241'.
  Set init value: \Q = 1'0
Found init rule in `\DFFNR.$proc$C:\Users\ncs16\DOWNLO~1\OSS-CA~1\bin\../share/yosys/gowin/cells_sim.v:0$239'.
  Set init value: \Q = 1'0
Found init rule in `\DFFNSE.$proc$C:\Users\ncs16\DOWNLO~1\OSS-CA~1\bin\../share/yosys/gowin/cells_sim.v:0$237'.
  Set init value: \Q = 1'1
Found init rule in `\DFFNS.$proc$C:\Users\ncs16\DOWNLO~1\OSS-CA~1\bin\../share/yosys/gowin/cells_sim.v:0$235'.
  Set init value: \Q = 1'1
Found init rule in `\DFFNE.$proc$C:\Users\ncs16\DOWNLO~1\OSS-CA~1\bin\../share/yosys/gowin/cells_sim.v:0$233'.
  Set init value: \Q = 1'0
Found init rule in `\DFFN.$proc$C:\Users\ncs16\DOWNLO~1\OSS-CA~1\bin\../share/yosys/gowin/cells_sim.v:0$231'.
  Set init value: \Q = 1'0
Found init rule in `\DFFCE.$proc$C:\Users\ncs16\DOWNLO~1\OSS-CA~1\bin\../share/yosys/gowin/cells_sim.v:0$229'.
  Set init value: \Q = 1'0
Found init rule in `\DFFC.$proc$C:\Users\ncs16\DOWNLO~1\OSS-CA~1\bin\../share/yosys/gowin/cells_sim.v:0$227'.
  Set init value: \Q = 1'0
Found init rule in `\DFFPE.$proc$C:\Users\ncs16\DOWNLO~1\OSS-CA~1\bin\../share/yosys/gowin/cells_sim.v:0$225'.
  Set init value: \Q = 1'1
Found init rule in `\DFFP.$proc$C:\Users\ncs16\DOWNLO~1\OSS-CA~1\bin\../share/yosys/gowin/cells_sim.v:0$223'.
  Set init value: \Q = 1'1
Found init rule in `\DFFRE.$proc$C:\Users\ncs16\DOWNLO~1\OSS-CA~1\bin\../share/yosys/gowin/cells_sim.v:0$221'.
  Set init value: \Q = 1'0
Found init rule in `\DFFR.$proc$C:\Users\ncs16\DOWNLO~1\OSS-CA~1\bin\../share/yosys/gowin/cells_sim.v:0$219'.
  Set init value: \Q = 1'0
Found init rule in `\DFFSE.$proc$C:\Users\ncs16\DOWNLO~1\OSS-CA~1\bin\../share/yosys/gowin/cells_sim.v:0$217'.
  Set init value: \Q = 1'1
Found init rule in `\DFFS.$proc$C:\Users\ncs16\DOWNLO~1\OSS-CA~1\bin\../share/yosys/gowin/cells_sim.v:0$215'.
  Set init value: \Q = 1'1
Found init rule in `\DFFE.$proc$C:\Users\ncs16\DOWNLO~1\OSS-CA~1\bin\../share/yosys/gowin/cells_sim.v:0$213'.
  Set init value: \Q = 1'0
Found init rule in `\DFF.$proc$C:\Users\ncs16\DOWNLO~1\OSS-CA~1\bin\../share/yosys/gowin/cells_sim.v:0$211'.
  Set init value: \Q = 1'0

7.3.5. Executing PROC_ARST pass (detect async resets in processes).
Found async reset \CLEAR in `\DFFNCE.$proc$C:\Users\ncs16\DOWNLO~1\OSS-CA~1\bin\../share/yosys/gowin/cells_sim.v:535$248'.
Found async reset \CLEAR in `\DFFNC.$proc$C:\Users\ncs16\DOWNLO~1\OSS-CA~1\bin\../share/yosys/gowin/cells_sim.v:515$246'.
Found async reset \PRESET in `\DFFNPE.$proc$C:\Users\ncs16\DOWNLO~1\OSS-CA~1\bin\../share/yosys/gowin/cells_sim.v:496$244'.
Found async reset \PRESET in `\DFFNP.$proc$C:\Users\ncs16\DOWNLO~1\OSS-CA~1\bin\../share/yosys/gowin/cells_sim.v:476$242'.
Found async reset \CLEAR in `\DFFCE.$proc$C:\Users\ncs16\DOWNLO~1\OSS-CA~1\bin\../share/yosys/gowin/cells_sim.v:348$228'.
Found async reset \CLEAR in `\DFFC.$proc$C:\Users\ncs16\DOWNLO~1\OSS-CA~1\bin\../share/yosys/gowin/cells_sim.v:328$226'.
Found async reset \PRESET in `\DFFPE.$proc$C:\Users\ncs16\DOWNLO~1\OSS-CA~1\bin\../share/yosys/gowin/cells_sim.v:309$224'.
Found async reset \PRESET in `\DFFP.$proc$C:\Users\ncs16\DOWNLO~1\OSS-CA~1\bin\../share/yosys/gowin/cells_sim.v:289$222'.

7.3.6. Executing PROC_ROM pass (convert switches to ROMs).
Converted 1 switch.
<suppressed ~20 debug messages>

7.3.7. Executing PROC_MUX pass (convert decision trees to multiplexers).
Creating decoders for process `\ALU.$proc$C:\Users\ncs16\DOWNLO~1\OSS-CA~1\bin\../share/yosys/gowin/cells_sim.v:661$252'.
Creating decoders for process `\DFFNCE.$proc$C:\Users\ncs16\DOWNLO~1\OSS-CA~1\bin\../share/yosys/gowin/cells_sim.v:0$249'.
Creating decoders for process `\DFFNCE.$proc$C:\Users\ncs16\DOWNLO~1\OSS-CA~1\bin\../share/yosys/gowin/cells_sim.v:535$248'.
     1/1: $0\Q[0:0]
Creating decoders for process `\DFFNC.$proc$C:\Users\ncs16\DOWNLO~1\OSS-CA~1\bin\../share/yosys/gowin/cells_sim.v:0$247'.
Creating decoders for process `\DFFNC.$proc$C:\Users\ncs16\DOWNLO~1\OSS-CA~1\bin\../share/yosys/gowin/cells_sim.v:515$246'.
     1/1: $0\Q[0:0]
Creating decoders for process `\DFFNPE.$proc$C:\Users\ncs16\DOWNLO~1\OSS-CA~1\bin\../share/yosys/gowin/cells_sim.v:0$245'.
Creating decoders for process `\DFFNPE.$proc$C:\Users\ncs16\DOWNLO~1\OSS-CA~1\bin\../share/yosys/gowin/cells_sim.v:496$244'.
     1/1: $0\Q[0:0]
Creating decoders for process `\DFFNP.$proc$C:\Users\ncs16\DOWNLO~1\OSS-CA~1\bin\../share/yosys/gowin/cells_sim.v:0$243'.
Creating decoders for process `\DFFNP.$proc$C:\Users\ncs16\DOWNLO~1\OSS-CA~1\bin\../share/yosys/gowin/cells_sim.v:476$242'.
     1/1: $0\Q[0:0]
Creating decoders for process `\DFFNRE.$proc$C:\Users\ncs16\DOWNLO~1\OSS-CA~1\bin\../share/yosys/gowin/cells_sim.v:0$241'.
Creating decoders for process `\DFFNRE.$proc$C:\Users\ncs16\DOWNLO~1\OSS-CA~1\bin\../share/yosys/gowin/cells_sim.v:457$240'.
     1/1: $0\Q[0:0]
Creating decoders for process `\DFFNR.$proc$C:\Users\ncs16\DOWNLO~1\OSS-CA~1\bin\../share/yosys/gowin/cells_sim.v:0$239'.
Creating decoders for process `\DFFNR.$proc$C:\Users\ncs16\DOWNLO~1\OSS-CA~1\bin\../share/yosys/gowin/cells_sim.v:437$238'.
     1/1: $0\Q[0:0]
Creating decoders for process `\DFFNSE.$proc$C:\Users\ncs16\DOWNLO~1\OSS-CA~1\bin\../share/yosys/gowin/cells_sim.v:0$237'.
Creating decoders for process `\DFFNSE.$proc$C:\Users\ncs16\DOWNLO~1\OSS-CA~1\bin\../share/yosys/gowin/cells_sim.v:418$236'.
     1/1: $0\Q[0:0]
Creating decoders for process `\DFFNS.$proc$C:\Users\ncs16\DOWNLO~1\OSS-CA~1\bin\../share/yosys/gowin/cells_sim.v:0$235'.
Creating decoders for process `\DFFNS.$proc$C:\Users\ncs16\DOWNLO~1\OSS-CA~1\bin\../share/yosys/gowin/cells_sim.v:398$234'.
     1/1: $0\Q[0:0]
Creating decoders for process `\DFFNE.$proc$C:\Users\ncs16\DOWNLO~1\OSS-CA~1\bin\../share/yosys/gowin/cells_sim.v:0$233'.
Creating decoders for process `\DFFNE.$proc$C:\Users\ncs16\DOWNLO~1\OSS-CA~1\bin\../share/yosys/gowin/cells_sim.v:381$232'.
     1/1: $0\Q[0:0]
Creating decoders for process `\DFFN.$proc$C:\Users\ncs16\DOWNLO~1\OSS-CA~1\bin\../share/yosys/gowin/cells_sim.v:0$231'.
Creating decoders for process `\DFFN.$proc$C:\Users\ncs16\DOWNLO~1\OSS-CA~1\bin\../share/yosys/gowin/cells_sim.v:366$230'.
Creating decoders for process `\DFFCE.$proc$C:\Users\ncs16\DOWNLO~1\OSS-CA~1\bin\../share/yosys/gowin/cells_sim.v:0$229'.
Creating decoders for process `\DFFCE.$proc$C:\Users\ncs16\DOWNLO~1\OSS-CA~1\bin\../share/yosys/gowin/cells_sim.v:348$228'.
     1/1: $0\Q[0:0]
Creating decoders for process `\DFFC.$proc$C:\Users\ncs16\DOWNLO~1\OSS-CA~1\bin\../share/yosys/gowin/cells_sim.v:0$227'.
Creating decoders for process `\DFFC.$proc$C:\Users\ncs16\DOWNLO~1\OSS-CA~1\bin\../share/yosys/gowin/cells_sim.v:328$226'.
     1/1: $0\Q[0:0]
Creating decoders for process `\DFFPE.$proc$C:\Users\ncs16\DOWNLO~1\OSS-CA~1\bin\../share/yosys/gowin/cells_sim.v:0$225'.
Creating decoders for process `\DFFPE.$proc$C:\Users\ncs16\DOWNLO~1\OSS-CA~1\bin\../share/yosys/gowin/cells_sim.v:309$224'.
     1/1: $0\Q[0:0]
Creating decoders for process `\DFFP.$proc$C:\Users\ncs16\DOWNLO~1\OSS-CA~1\bin\../share/yosys/gowin/cells_sim.v:0$223'.
Creating decoders for process `\DFFP.$proc$C:\Users\ncs16\DOWNLO~1\OSS-CA~1\bin\../share/yosys/gowin/cells_sim.v:289$222'.
     1/1: $0\Q[0:0]
Creating decoders for process `\DFFRE.$proc$C:\Users\ncs16\DOWNLO~1\OSS-CA~1\bin\../share/yosys/gowin/cells_sim.v:0$221'.
Creating decoders for process `\DFFRE.$proc$C:\Users\ncs16\DOWNLO~1\OSS-CA~1\bin\../share/yosys/gowin/cells_sim.v:270$220'.
     1/1: $0\Q[0:0]
Creating decoders for process `\DFFR.$proc$C:\Users\ncs16\DOWNLO~1\OSS-CA~1\bin\../share/yosys/gowin/cells_sim.v:0$219'.
Creating decoders for process `\DFFR.$proc$C:\Users\ncs16\DOWNLO~1\OSS-CA~1\bin\../share/yosys/gowin/cells_sim.v:250$218'.
     1/1: $0\Q[0:0]
Creating decoders for process `\DFFSE.$proc$C:\Users\ncs16\DOWNLO~1\OSS-CA~1\bin\../share/yosys/gowin/cells_sim.v:0$217'.
Creating decoders for process `\DFFSE.$proc$C:\Users\ncs16\DOWNLO~1\OSS-CA~1\bin\../share/yosys/gowin/cells_sim.v:231$216'.
     1/1: $0\Q[0:0]
Creating decoders for process `\DFFS.$proc$C:\Users\ncs16\DOWNLO~1\OSS-CA~1\bin\../share/yosys/gowin/cells_sim.v:0$215'.
Creating decoders for process `\DFFS.$proc$C:\Users\ncs16\DOWNLO~1\OSS-CA~1\bin\../share/yosys/gowin/cells_sim.v:211$214'.
     1/1: $0\Q[0:0]
Creating decoders for process `\DFFE.$proc$C:\Users\ncs16\DOWNLO~1\OSS-CA~1\bin\../share/yosys/gowin/cells_sim.v:0$213'.
Creating decoders for process `\DFFE.$proc$C:\Users\ncs16\DOWNLO~1\OSS-CA~1\bin\../share/yosys/gowin/cells_sim.v:194$212'.
     1/1: $0\Q[0:0]
Creating decoders for process `\DFF.$proc$C:\Users\ncs16\DOWNLO~1\OSS-CA~1\bin\../share/yosys/gowin/cells_sim.v:0$211'.
Creating decoders for process `\DFF.$proc$C:\Users\ncs16\DOWNLO~1\OSS-CA~1\bin\../share/yosys/gowin/cells_sim.v:179$210'.
Creating decoders for process `\B5_7segmentos.$proc$../design/B5_7segmentos.sv:0$25'.
     1/1: $1\seg[6:0]
Creating decoders for process `\B4_selector.$proc$../design/B4_selector.sv:0$23'.
     1/1: $1\valor_display[3:0]
Creating decoders for process `\B2_corrector_de_error.$proc$../design/B2_corrector_de_error.sv:0$14'.
     1/7: $1\codigo_corregido[6:0] [6]
     2/7: $1\codigo_corregido[6:0] [3]
     3/7: $1\codigo_corregido[6:0] [1]
     4/7: $1\codigo_corregido[6:0] [4]
     5/7: $1\codigo_corregido[6:0] [2]
     6/7: $1\codigo_corregido[6:0] [5]
     7/7: $1\codigo_corregido[6:0] [0]

7.3.8. Executing PROC_DLATCH pass (convert process syncs to latches).
No latch inferred for signal `\B5_7segmentos.\seg' from process `\B5_7segmentos.$proc$../design/B5_7segmentos.sv:0$25'.
No latch inferred for signal `\B4_selector.\valor_display' from process `\B4_selector.$proc$../design/B4_selector.sv:0$23'.
No latch inferred for signal `\B2_corrector_de_error.\codigo_corregido' from process `\B2_corrector_de_error.$proc$../design/B2_corrector_de_error.sv:0$14'.

7.3.9. Executing PROC_DFF pass (convert process syncs to FFs).
Creating register for signal `\ALU.\C' using process `\ALU.$proc$C:\Users\ncs16\DOWNLO~1\OSS-CA~1\bin\../share/yosys/gowin/cells_sim.v:661$252'.
  created direct connection (no actual register cell created).
Creating register for signal `\ALU.\S' using process `\ALU.$proc$C:\Users\ncs16\DOWNLO~1\OSS-CA~1\bin\../share/yosys/gowin/cells_sim.v:661$252'.
  created direct connection (no actual register cell created).
Creating register for signal `\DFFNCE.\Q' using process `\DFFNCE.$proc$C:\Users\ncs16\DOWNLO~1\OSS-CA~1\bin\../share/yosys/gowin/cells_sim.v:535$248'.
  created $adff cell `$procdff$390' with negative edge clock and positive level reset.
Creating register for signal `\DFFNC.\Q' using process `\DFFNC.$proc$C:\Users\ncs16\DOWNLO~1\OSS-CA~1\bin\../share/yosys/gowin/cells_sim.v:515$246'.
  created $adff cell `$procdff$391' with negative edge clock and positive level reset.
Creating register for signal `\DFFNPE.\Q' using process `\DFFNPE.$proc$C:\Users\ncs16\DOWNLO~1\OSS-CA~1\bin\../share/yosys/gowin/cells_sim.v:496$244'.
  created $adff cell `$procdff$392' with negative edge clock and positive level reset.
Creating register for signal `\DFFNP.\Q' using process `\DFFNP.$proc$C:\Users\ncs16\DOWNLO~1\OSS-CA~1\bin\../share/yosys/gowin/cells_sim.v:476$242'.
  created $adff cell `$procdff$393' with negative edge clock and positive level reset.
Creating register for signal `\DFFNRE.\Q' using process `\DFFNRE.$proc$C:\Users\ncs16\DOWNLO~1\OSS-CA~1\bin\../share/yosys/gowin/cells_sim.v:457$240'.
  created $dff cell `$procdff$394' with negative edge clock.
Creating register for signal `\DFFNR.\Q' using process `\DFFNR.$proc$C:\Users\ncs16\DOWNLO~1\OSS-CA~1\bin\../share/yosys/gowin/cells_sim.v:437$238'.
  created $dff cell `$procdff$395' with negative edge clock.
Creating register for signal `\DFFNSE.\Q' using process `\DFFNSE.$proc$C:\Users\ncs16\DOWNLO~1\OSS-CA~1\bin\../share/yosys/gowin/cells_sim.v:418$236'.
  created $dff cell `$procdff$396' with negative edge clock.
Creating register for signal `\DFFNS.\Q' using process `\DFFNS.$proc$C:\Users\ncs16\DOWNLO~1\OSS-CA~1\bin\../share/yosys/gowin/cells_sim.v:398$234'.
  created $dff cell `$procdff$397' with negative edge clock.
Creating register for signal `\DFFNE.\Q' using process `\DFFNE.$proc$C:\Users\ncs16\DOWNLO~1\OSS-CA~1\bin\../share/yosys/gowin/cells_sim.v:381$232'.
  created $dff cell `$procdff$398' with negative edge clock.
Creating register for signal `\DFFN.\Q' using process `\DFFN.$proc$C:\Users\ncs16\DOWNLO~1\OSS-CA~1\bin\../share/yosys/gowin/cells_sim.v:366$230'.
  created $dff cell `$procdff$399' with negative edge clock.
Creating register for signal `\DFFCE.\Q' using process `\DFFCE.$proc$C:\Users\ncs16\DOWNLO~1\OSS-CA~1\bin\../share/yosys/gowin/cells_sim.v:348$228'.
  created $adff cell `$procdff$400' with positive edge clock and positive level reset.
Creating register for signal `\DFFC.\Q' using process `\DFFC.$proc$C:\Users\ncs16\DOWNLO~1\OSS-CA~1\bin\../share/yosys/gowin/cells_sim.v:328$226'.
  created $adff cell `$procdff$401' with positive edge clock and positive level reset.
Creating register for signal `\DFFPE.\Q' using process `\DFFPE.$proc$C:\Users\ncs16\DOWNLO~1\OSS-CA~1\bin\../share/yosys/gowin/cells_sim.v:309$224'.
  created $adff cell `$procdff$402' with positive edge clock and positive level reset.
Creating register for signal `\DFFP.\Q' using process `\DFFP.$proc$C:\Users\ncs16\DOWNLO~1\OSS-CA~1\bin\../share/yosys/gowin/cells_sim.v:289$222'.
  created $adff cell `$procdff$403' with positive edge clock and positive level reset.
Creating register for signal `\DFFRE.\Q' using process `\DFFRE.$proc$C:\Users\ncs16\DOWNLO~1\OSS-CA~1\bin\../share/yosys/gowin/cells_sim.v:270$220'.
  created $dff cell `$procdff$404' with positive edge clock.
Creating register for signal `\DFFR.\Q' using process `\DFFR.$proc$C:\Users\ncs16\DOWNLO~1\OSS-CA~1\bin\../share/yosys/gowin/cells_sim.v:250$218'.
  created $dff cell `$procdff$405' with positive edge clock.
Creating register for signal `\DFFSE.\Q' using process `\DFFSE.$proc$C:\Users\ncs16\DOWNLO~1\OSS-CA~1\bin\../share/yosys/gowin/cells_sim.v:231$216'.
  created $dff cell `$procdff$406' with positive edge clock.
Creating register for signal `\DFFS.\Q' using process `\DFFS.$proc$C:\Users\ncs16\DOWNLO~1\OSS-CA~1\bin\../share/yosys/gowin/cells_sim.v:211$214'.
  created $dff cell `$procdff$407' with positive edge clock.
Creating register for signal `\DFFE.\Q' using process `\DFFE.$proc$C:\Users\ncs16\DOWNLO~1\OSS-CA~1\bin\../share/yosys/gowin/cells_sim.v:194$212'.
  created $dff cell `$procdff$408' with positive edge clock.
Creating register for signal `\DFF.\Q' using process `\DFF.$proc$C:\Users\ncs16\DOWNLO~1\OSS-CA~1\bin\../share/yosys/gowin/cells_sim.v:179$210'.
  created $dff cell `$procdff$409' with positive edge clock.

7.3.10. Executing PROC_MEMWR pass (convert process memory writes to cells).

7.3.11. Executing PROC_CLEAN pass (remove empty switches from decision trees).
Removing empty process `ALU.$proc$C:\Users\ncs16\DOWNLO~1\OSS-CA~1\bin\../share/yosys/gowin/cells_sim.v:661$252'.
Removing empty process `DFFNCE.$proc$C:\Users\ncs16\DOWNLO~1\OSS-CA~1\bin\../share/yosys/gowin/cells_sim.v:0$249'.
Found and cleaned up 1 empty switch in `\DFFNCE.$proc$C:\Users\ncs16\DOWNLO~1\OSS-CA~1\bin\../share/yosys/gowin/cells_sim.v:535$248'.
Removing empty process `DFFNCE.$proc$C:\Users\ncs16\DOWNLO~1\OSS-CA~1\bin\../share/yosys/gowin/cells_sim.v:535$248'.
Removing empty process `DFFNC.$proc$C:\Users\ncs16\DOWNLO~1\OSS-CA~1\bin\../share/yosys/gowin/cells_sim.v:0$247'.
Removing empty process `DFFNC.$proc$C:\Users\ncs16\DOWNLO~1\OSS-CA~1\bin\../share/yosys/gowin/cells_sim.v:515$246'.
Removing empty process `DFFNPE.$proc$C:\Users\ncs16\DOWNLO~1\OSS-CA~1\bin\../share/yosys/gowin/cells_sim.v:0$245'.
Found and cleaned up 1 empty switch in `\DFFNPE.$proc$C:\Users\ncs16\DOWNLO~1\OSS-CA~1\bin\../share/yosys/gowin/cells_sim.v:496$244'.
Removing empty process `DFFNPE.$proc$C:\Users\ncs16\DOWNLO~1\OSS-CA~1\bin\../share/yosys/gowin/cells_sim.v:496$244'.
Removing empty process `DFFNP.$proc$C:\Users\ncs16\DOWNLO~1\OSS-CA~1\bin\../share/yosys/gowin/cells_sim.v:0$243'.
Removing empty process `DFFNP.$proc$C:\Users\ncs16\DOWNLO~1\OSS-CA~1\bin\../share/yosys/gowin/cells_sim.v:476$242'.
Removing empty process `DFFNRE.$proc$C:\Users\ncs16\DOWNLO~1\OSS-CA~1\bin\../share/yosys/gowin/cells_sim.v:0$241'.
Found and cleaned up 2 empty switches in `\DFFNRE.$proc$C:\Users\ncs16\DOWNLO~1\OSS-CA~1\bin\../share/yosys/gowin/cells_sim.v:457$240'.
Removing empty process `DFFNRE.$proc$C:\Users\ncs16\DOWNLO~1\OSS-CA~1\bin\../share/yosys/gowin/cells_sim.v:457$240'.
Removing empty process `DFFNR.$proc$C:\Users\ncs16\DOWNLO~1\OSS-CA~1\bin\../share/yosys/gowin/cells_sim.v:0$239'.
Found and cleaned up 1 empty switch in `\DFFNR.$proc$C:\Users\ncs16\DOWNLO~1\OSS-CA~1\bin\../share/yosys/gowin/cells_sim.v:437$238'.
Removing empty process `DFFNR.$proc$C:\Users\ncs16\DOWNLO~1\OSS-CA~1\bin\../share/yosys/gowin/cells_sim.v:437$238'.
Removing empty process `DFFNSE.$proc$C:\Users\ncs16\DOWNLO~1\OSS-CA~1\bin\../share/yosys/gowin/cells_sim.v:0$237'.
Found and cleaned up 2 empty switches in `\DFFNSE.$proc$C:\Users\ncs16\DOWNLO~1\OSS-CA~1\bin\../share/yosys/gowin/cells_sim.v:418$236'.
Removing empty process `DFFNSE.$proc$C:\Users\ncs16\DOWNLO~1\OSS-CA~1\bin\../share/yosys/gowin/cells_sim.v:418$236'.
Removing empty process `DFFNS.$proc$C:\Users\ncs16\DOWNLO~1\OSS-CA~1\bin\../share/yosys/gowin/cells_sim.v:0$235'.
Found and cleaned up 1 empty switch in `\DFFNS.$proc$C:\Users\ncs16\DOWNLO~1\OSS-CA~1\bin\../share/yosys/gowin/cells_sim.v:398$234'.
Removing empty process `DFFNS.$proc$C:\Users\ncs16\DOWNLO~1\OSS-CA~1\bin\../share/yosys/gowin/cells_sim.v:398$234'.
Removing empty process `DFFNE.$proc$C:\Users\ncs16\DOWNLO~1\OSS-CA~1\bin\../share/yosys/gowin/cells_sim.v:0$233'.
Found and cleaned up 1 empty switch in `\DFFNE.$proc$C:\Users\ncs16\DOWNLO~1\OSS-CA~1\bin\../share/yosys/gowin/cells_sim.v:381$232'.
Removing empty process `DFFNE.$proc$C:\Users\ncs16\DOWNLO~1\OSS-CA~1\bin\../share/yosys/gowin/cells_sim.v:381$232'.
Removing empty process `DFFN.$proc$C:\Users\ncs16\DOWNLO~1\OSS-CA~1\bin\../share/yosys/gowin/cells_sim.v:0$231'.
Removing empty process `DFFN.$proc$C:\Users\ncs16\DOWNLO~1\OSS-CA~1\bin\../share/yosys/gowin/cells_sim.v:366$230'.
Removing empty process `DFFCE.$proc$C:\Users\ncs16\DOWNLO~1\OSS-CA~1\bin\../share/yosys/gowin/cells_sim.v:0$229'.
Found and cleaned up 1 empty switch in `\DFFCE.$proc$C:\Users\ncs16\DOWNLO~1\OSS-CA~1\bin\../share/yosys/gowin/cells_sim.v:348$228'.
Removing empty process `DFFCE.$proc$C:\Users\ncs16\DOWNLO~1\OSS-CA~1\bin\../share/yosys/gowin/cells_sim.v:348$228'.
Removing empty process `DFFC.$proc$C:\Users\ncs16\DOWNLO~1\OSS-CA~1\bin\../share/yosys/gowin/cells_sim.v:0$227'.
Removing empty process `DFFC.$proc$C:\Users\ncs16\DOWNLO~1\OSS-CA~1\bin\../share/yosys/gowin/cells_sim.v:328$226'.
Removing empty process `DFFPE.$proc$C:\Users\ncs16\DOWNLO~1\OSS-CA~1\bin\../share/yosys/gowin/cells_sim.v:0$225'.
Found and cleaned up 1 empty switch in `\DFFPE.$proc$C:\Users\ncs16\DOWNLO~1\OSS-CA~1\bin\../share/yosys/gowin/cells_sim.v:309$224'.
Removing empty process `DFFPE.$proc$C:\Users\ncs16\DOWNLO~1\OSS-CA~1\bin\../share/yosys/gowin/cells_sim.v:309$224'.
Removing empty process `DFFP.$proc$C:\Users\ncs16\DOWNLO~1\OSS-CA~1\bin\../share/yosys/gowin/cells_sim.v:0$223'.
Removing empty process `DFFP.$proc$C:\Users\ncs16\DOWNLO~1\OSS-CA~1\bin\../share/yosys/gowin/cells_sim.v:289$222'.
Removing empty process `DFFRE.$proc$C:\Users\ncs16\DOWNLO~1\OSS-CA~1\bin\../share/yosys/gowin/cells_sim.v:0$221'.
Found and cleaned up 2 empty switches in `\DFFRE.$proc$C:\Users\ncs16\DOWNLO~1\OSS-CA~1\bin\../share/yosys/gowin/cells_sim.v:270$220'.
Removing empty process `DFFRE.$proc$C:\Users\ncs16\DOWNLO~1\OSS-CA~1\bin\../share/yosys/gowin/cells_sim.v:270$220'.
Removing empty process `DFFR.$proc$C:\Users\ncs16\DOWNLO~1\OSS-CA~1\bin\../share/yosys/gowin/cells_sim.v:0$219'.
Found and cleaned up 1 empty switch in `\DFFR.$proc$C:\Users\ncs16\DOWNLO~1\OSS-CA~1\bin\../share/yosys/gowin/cells_sim.v:250$218'.
Removing empty process `DFFR.$proc$C:\Users\ncs16\DOWNLO~1\OSS-CA~1\bin\../share/yosys/gowin/cells_sim.v:250$218'.
Removing empty process `DFFSE.$proc$C:\Users\ncs16\DOWNLO~1\OSS-CA~1\bin\../share/yosys/gowin/cells_sim.v:0$217'.
Found and cleaned up 2 empty switches in `\DFFSE.$proc$C:\Users\ncs16\DOWNLO~1\OSS-CA~1\bin\../share/yosys/gowin/cells_sim.v:231$216'.
Removing empty process `DFFSE.$proc$C:\Users\ncs16\DOWNLO~1\OSS-CA~1\bin\../share/yosys/gowin/cells_sim.v:231$216'.
Removing empty process `DFFS.$proc$C:\Users\ncs16\DOWNLO~1\OSS-CA~1\bin\../share/yosys/gowin/cells_sim.v:0$215'.
Found and cleaned up 1 empty switch in `\DFFS.$proc$C:\Users\ncs16\DOWNLO~1\OSS-CA~1\bin\../share/yosys/gowin/cells_sim.v:211$214'.
Removing empty process `DFFS.$proc$C:\Users\ncs16\DOWNLO~1\OSS-CA~1\bin\../share/yosys/gowin/cells_sim.v:211$214'.
Removing empty process `DFFE.$proc$C:\Users\ncs16\DOWNLO~1\OSS-CA~1\bin\../share/yosys/gowin/cells_sim.v:0$213'.
Found and cleaned up 1 empty switch in `\DFFE.$proc$C:\Users\ncs16\DOWNLO~1\OSS-CA~1\bin\../share/yosys/gowin/cells_sim.v:194$212'.
Removing empty process `DFFE.$proc$C:\Users\ncs16\DOWNLO~1\OSS-CA~1\bin\../share/yosys/gowin/cells_sim.v:194$212'.
Removing empty process `DFF.$proc$C:\Users\ncs16\DOWNLO~1\OSS-CA~1\bin\../share/yosys/gowin/cells_sim.v:0$211'.
Removing empty process `DFF.$proc$C:\Users\ncs16\DOWNLO~1\OSS-CA~1\bin\../share/yosys/gowin/cells_sim.v:179$210'.
Found and cleaned up 1 empty switch in `\B5_7segmentos.$proc$../design/B5_7segmentos.sv:0$25'.
Removing empty process `B5_7segmentos.$proc$../design/B5_7segmentos.sv:0$25'.
Found and cleaned up 1 empty switch in `\B4_selector.$proc$../design/B4_selector.sv:0$23'.
Removing empty process `B4_selector.$proc$../design/B4_selector.sv:0$23'.
Found and cleaned up 1 empty switch in `\B2_corrector_de_error.$proc$../design/B2_corrector_de_error.sv:0$14'.
Removing empty process `B2_corrector_de_error.$proc$../design/B2_corrector_de_error.sv:0$14'.
Cleaned up 21 empty switches.

7.3.12. Executing OPT_EXPR pass (perform const folding).
Optimizing module top.
Optimizing module B5_7segmentos.
Optimizing module B4_selector.
<suppressed ~2 debug messages>
Optimizing module B3_despliegue_led.
Optimizing module B2_corrector_de_error.
<suppressed ~1 debug messages>
Optimizing module B1_decodificador_de_paridad.
<suppressed ~2 debug messages>

7.4. Executing FLATTEN pass (flatten design).
Deleting now unused module B5_7segmentos.
Deleting now unused module B4_selector.
Deleting now unused module B3_despliegue_led.
Deleting now unused module B2_corrector_de_error.
Deleting now unused module B1_decodificador_de_paridad.
<suppressed ~5 debug messages>

7.5. Executing TRIBUF pass.

7.6. Executing DEMINOUT pass (demote inout ports to input or output).

7.7. Executing SYNTH pass.

7.7.1. Executing PROC pass (convert processes to netlists).

7.7.1.1. Executing PROC_CLEAN pass (remove empty switches from decision trees).
Cleaned up 0 empty switches.

7.7.1.2. Executing PROC_RMDEAD pass (remove dead branches from decision trees).
Removed a total of 0 dead cases.

7.7.1.3. Executing PROC_PRUNE pass (remove redundant assignments in processes).
Removed 0 redundant assignments.
Promoted 0 assignments to connections.

7.7.1.4. Executing PROC_INIT pass (extract init attributes).

7.7.1.5. Executing PROC_ARST pass (detect async resets in processes).

7.7.1.6. Executing PROC_ROM pass (convert switches to ROMs).
Converted 0 switches.

7.7.1.7. Executing PROC_MUX pass (convert decision trees to multiplexers).

7.7.1.8. Executing PROC_DLATCH pass (convert process syncs to latches).

7.7.1.9. Executing PROC_DFF pass (convert process syncs to FFs).

7.7.1.10. Executing PROC_MEMWR pass (convert process memory writes to cells).

7.7.1.11. Executing PROC_CLEAN pass (remove empty switches from decision trees).
Cleaned up 0 empty switches.

7.7.1.12. Executing OPT_EXPR pass (perform const folding).
Optimizing module top.

7.7.2. Executing OPT_EXPR pass (perform const folding).
Optimizing module top.

7.7.3. Executing OPT_CLEAN pass (remove unused cells and wires).
Finding unused cells or wires in module \top..
Removed 1 unused cells and 23 unused wires.
<suppressed ~2 debug messages>

7.7.4. Executing CHECK pass (checking for obvious problems).
Checking module top...
Found and reported 0 problems.

7.7.5. Executing OPT pass (performing simple optimizations).

7.7.5.1. Executing OPT_EXPR pass (perform const folding).
Optimizing module top.

7.7.5.2. Executing OPT_MERGE pass (detect identical cells).
Finding identical cells in module `\top'.
Removed a total of 0 cells.

7.7.5.3. Executing OPT_MUXTREE pass (detect dead branches in mux trees).
Running muxtree optimizer on module \top..
  Creating internal representation of mux trees.
  Evaluating internal representation of mux trees.
  Analyzing evaluation results.
Removed 0 multiplexer ports.
<suppressed ~9 debug messages>

7.7.5.4. Executing OPT_REDUCE pass (consolidate $*mux and $reduce_* inputs).
  Optimizing cells in module \top.
Performed a total of 0 changes.

7.7.5.5. Executing OPT_MERGE pass (detect identical cells).
Finding identical cells in module `\top'.
Removed a total of 0 cells.

7.7.5.6. Executing OPT_DFF pass (perform DFF optimizations).

7.7.5.7. Executing OPT_CLEAN pass (remove unused cells and wires).
Finding unused cells or wires in module \top..

7.7.5.8. Executing OPT_EXPR pass (perform const folding).
Optimizing module top.

7.7.5.9. Finished OPT passes. (There is nothing left to do.)

7.7.6. Executing FSM pass (extract and optimize FSM).

7.7.6.1. Executing FSM_DETECT pass (finding FSMs in design).

7.7.6.2. Executing FSM_EXTRACT pass (extracting FSM from design).

7.7.6.3. Executing FSM_OPT pass (simple optimizations of FSMs).

7.7.6.4. Executing OPT_CLEAN pass (remove unused cells and wires).
Finding unused cells or wires in module \top..

7.7.6.5. Executing FSM_OPT pass (simple optimizations of FSMs).

7.7.6.6. Executing FSM_RECODE pass (re-assigning FSM state encoding).

7.7.6.7. Executing FSM_INFO pass (dumping all available information on FSM cells).

7.7.6.8. Executing FSM_MAP pass (mapping FSMs to basic logic).

7.7.7. Executing OPT pass (performing simple optimizations).

7.7.7.1. Executing OPT_EXPR pass (perform const folding).
Optimizing module top.

7.7.7.2. Executing OPT_MERGE pass (detect identical cells).
Finding identical cells in module `\top'.
Removed a total of 0 cells.

7.7.7.3. Executing OPT_MUXTREE pass (detect dead branches in mux trees).
Running muxtree optimizer on module \top..
  Creating internal representation of mux trees.
  Evaluating internal representation of mux trees.
  Analyzing evaluation results.
Removed 0 multiplexer ports.
<suppressed ~9 debug messages>

7.7.7.4. Executing OPT_REDUCE pass (consolidate $*mux and $reduce_* inputs).
  Optimizing cells in module \top.
Performed a total of 0 changes.

7.7.7.5. Executing OPT_MERGE pass (detect identical cells).
Finding identical cells in module `\top'.
Removed a total of 0 cells.

7.7.7.6. Executing OPT_DFF pass (perform DFF optimizations).

7.7.7.7. Executing OPT_CLEAN pass (remove unused cells and wires).
Finding unused cells or wires in module \top..

7.7.7.8. Executing OPT_EXPR pass (perform const folding).
Optimizing module top.

7.7.7.9. Finished OPT passes. (There is nothing left to do.)

7.7.8. Executing WREDUCE pass (reducing word size of cells).
Removed top 28 address bits (of 32) from memory init port top.$flatten\display.$auto$mem.cc:319:emit$299 ($flatten\display.$auto$proc_rom.cc:150:do_switch$297).
Removed top 29 bits (of 32) from mux cell top.$flatten\decodificador.$ternary$../design/B1_decodificador_de_paridad.sv:21$13 ($mux).
Removed top 31 bits (of 32) from port B of cell top.$flatten\decodificador.$sub$../design/B1_decodificador_de_paridad.sv:21$11 ($sub).
Removed top 29 bits (of 32) from port Y of cell top.$flatten\decodificador.$sub$../design/B1_decodificador_de_paridad.sv:21$11 ($sub).
Removed top 1 bits (of 3) from port B of cell top.$flatten\corrector.$procmux$376_CMP0 ($eq).
Removed top 2 bits (of 3) from port B of cell top.$flatten\corrector.$procmux$364_CMP0 ($eq).
Removed top 1 bits (of 3) from port B of cell top.$flatten\corrector.$procmux$356_CMP0 ($eq).
Removed top 29 bits (of 32) from wire top.$flatten\decodificador.$sub$../design/B1_decodificador_de_paridad.sv:21$11_Y.

7.7.9. Executing PEEPOPT pass (run peephole optimizers).

7.7.10. Executing OPT_CLEAN pass (remove unused cells and wires).
Finding unused cells or wires in module \top..
Removed 0 unused cells and 2 unused wires.
<suppressed ~1 debug messages>

7.7.11. Executing ALUMACC pass (create $alu and $macc cells).
Extracting $alu and $macc cells in module top:
  creating $macc model for $flatten\decodificador.$sub$../design/B1_decodificador_de_paridad.sv:21$11 ($sub).
  creating $alu model for $macc $flatten\decodificador.$sub$../design/B1_decodificador_de_paridad.sv:21$11.
  creating $alu cell for $flatten\decodificador.$sub$../design/B1_decodificador_de_paridad.sv:21$11: $auto$alumacc.cc:485:replace_alu$411
  created 1 $alu and 0 $macc cells.

7.7.12. Executing SHARE pass (SAT-based resource sharing).

7.7.13. Executing OPT pass (performing simple optimizations).

7.7.13.1. Executing OPT_EXPR pass (perform const folding).
Optimizing module top.

7.7.13.2. Executing OPT_MERGE pass (detect identical cells).
Finding identical cells in module `\top'.
Removed a total of 0 cells.

7.7.13.3. Executing OPT_MUXTREE pass (detect dead branches in mux trees).
Running muxtree optimizer on module \top..
  Creating internal representation of mux trees.
  Evaluating internal representation of mux trees.
  Analyzing evaluation results.
Removed 0 multiplexer ports.
<suppressed ~9 debug messages>

7.7.13.4. Executing OPT_REDUCE pass (consolidate $*mux and $reduce_* inputs).
  Optimizing cells in module \top.
Performed a total of 0 changes.

7.7.13.5. Executing OPT_MERGE pass (detect identical cells).
Finding identical cells in module `\top'.
Removed a total of 0 cells.

7.7.13.6. Executing OPT_DFF pass (perform DFF optimizations).

7.7.13.7. Executing OPT_CLEAN pass (remove unused cells and wires).
Finding unused cells or wires in module \top..

7.7.13.8. Executing OPT_EXPR pass (perform const folding).
Optimizing module top.

7.7.13.9. Finished OPT passes. (There is nothing left to do.)

7.7.14. Executing MEMORY pass.

7.7.14.1. Executing OPT_MEM pass (optimize memories).
Performed a total of 0 transformations.

7.7.14.2. Executing OPT_MEM_PRIORITY pass (removing unnecessary memory write priority relations).
Performed a total of 0 transformations.

7.7.14.3. Executing OPT_MEM_FEEDBACK pass (finding memory read-to-write feedback paths).

7.7.14.4. Executing MEMORY_BMUX2ROM pass (converting muxes to ROMs).

7.7.14.5. Executing MEMORY_DFF pass (merging $dff cells to $memrd).
Checking read port `$flatten\display.$auto$proc_rom.cc:150:do_switch$297'[0] in module `\top': no output FF found.
Checking read port address `$flatten\display.$auto$proc_rom.cc:150:do_switch$297'[0] in module `\top': no address FF found.

7.7.14.6. Executing OPT_CLEAN pass (remove unused cells and wires).
Finding unused cells or wires in module \top..

7.7.14.7. Executing MEMORY_SHARE pass (consolidating $memrd/$memwr cells).

7.7.14.8. Executing OPT_MEM_WIDEN pass (optimize memories where all ports are wide).
Performed a total of 0 transformations.

7.7.14.9. Executing OPT_CLEAN pass (remove unused cells and wires).
Finding unused cells or wires in module \top..

7.7.14.10. Executing MEMORY_COLLECT pass (generating $mem cells).

7.7.15. Executing OPT_CLEAN pass (remove unused cells and wires).
Finding unused cells or wires in module \top..

7.8. Executing MEMORY_LIBMAP pass (mapping memories to cells).
using FF mapping for memory top.$flatten\display.$auto$proc_rom.cc:150:do_switch$297
<suppressed ~6 debug messages>

7.9. Executing TECHMAP pass (map to technology primitives).

7.9.1. Executing Verilog-2005 frontend: C:\Users\ncs16\DOWNLO~1\OSS-CA~1\bin\../share/yosys/gowin/lutrams_map.v
Parsing Verilog input from `C:\Users\ncs16\DOWNLO~1\OSS-CA~1\bin\../share/yosys/gowin/lutrams_map.v' to AST representation.
Generating RTLIL representation for module `\$__GOWIN_LUTRAM_'.
Successfully finished Verilog frontend.

7.9.2. Executing Verilog-2005 frontend: C:\Users\ncs16\DOWNLO~1\OSS-CA~1\bin\../share/yosys/gowin/brams_map.v
Parsing Verilog input from `C:\Users\ncs16\DOWNLO~1\OSS-CA~1\bin\../share/yosys/gowin/brams_map.v' to AST representation.
Generating RTLIL representation for module `\$__GOWIN_SP_'.
Generating RTLIL representation for module `\$__GOWIN_DP_'.
Generating RTLIL representation for module `\$__GOWIN_SDP_'.
Successfully finished Verilog frontend.

7.9.3. Continuing TECHMAP pass.
No more expansions possible.
<suppressed ~6 debug messages>

7.10. Executing OPT pass (performing simple optimizations).

7.10.1. Executing OPT_EXPR pass (perform const folding).
Optimizing module top.

7.10.2. Executing OPT_MERGE pass (detect identical cells).
Finding identical cells in module `\top'.
Removed a total of 0 cells.

7.10.3. Executing OPT_DFF pass (perform DFF optimizations).

7.10.4. Executing OPT_CLEAN pass (remove unused cells and wires).
Finding unused cells or wires in module \top..

7.10.5. Finished fast OPT passes.

7.11. Executing MEMORY_MAP pass (converting memories to logic and flip-flops).
Mapping memory $flatten\display.$auto$proc_rom.cc:150:do_switch$297 in module \top:
  created 16 $dff cells and 0 static cells of width 7.
  read interface: 0 $dff and 15 $mux cells.
  write interface: 0 write mux blocks.

7.12. Executing OPT pass (performing simple optimizations).

7.12.1. Executing OPT_EXPR pass (perform const folding).
Optimizing module top.

7.12.2. Executing OPT_MERGE pass (detect identical cells).
Finding identical cells in module `\top'.
Removed a total of 0 cells.

7.12.3. Executing OPT_MUXTREE pass (detect dead branches in mux trees).
Running muxtree optimizer on module \top..
  Creating internal representation of mux trees.
  Evaluating internal representation of mux trees.
  Analyzing evaluation results.
Removed 0 multiplexer ports.
<suppressed ~10 debug messages>

7.12.4. Executing OPT_REDUCE pass (consolidate $*mux and $reduce_* inputs).
  Optimizing cells in module \top.
    Consolidated identical input bits for $mux cell $memory$flatten\display.$auto$proc_rom.cc:150:do_switch$297$rdmux[0][3][6]$655:
      Old ports: A=7'1000110, B=7'0100001, Y=$memory$flatten\display.$auto$proc_rom.cc:150:do_switch$297$rdmux[0][2][3]$a$635
      New ports: A=2'10, B=2'01, Y=$memory$flatten\display.$auto$proc_rom.cc:150:do_switch$297$rdmux[0][2][3]$a$635 [1:0]
      New connections: $memory$flatten\display.$auto$proc_rom.cc:150:do_switch$297$rdmux[0][2][3]$a$635 [6:2] = { $memory$flatten\display.$auto$proc_rom.cc:150:do_switch$297$rdmux[0][2][3]$a$635 [1:0] 2'00 $memory$flatten\display.$auto$proc_rom.cc:150:do_switch$297$rdmux[0][2][3]$a$635 [1] }
    Consolidated identical input bits for $mux cell $memory$flatten\display.$auto$proc_rom.cc:150:do_switch$297$rdmux[0][3][5]$652:
      Old ports: A=7'0001000, B=7'0000011, Y=$memory$flatten\display.$auto$proc_rom.cc:150:do_switch$297$rdmux[0][2][2]$b$633
      New ports: A=2'10, B=2'01, Y={ $memory$flatten\display.$auto$proc_rom.cc:150:do_switch$297$rdmux[0][2][2]$b$633 [3] $memory$flatten\display.$auto$proc_rom.cc:150:do_switch$297$rdmux[0][2][2]$b$633 [0] }
      New connections: { $memory$flatten\display.$auto$proc_rom.cc:150:do_switch$297$rdmux[0][2][2]$b$633 [6:4] $memory$flatten\display.$auto$proc_rom.cc:150:do_switch$297$rdmux[0][2][2]$b$633 [2:1] } = { 4'0000 $memory$flatten\display.$auto$proc_rom.cc:150:do_switch$297$rdmux[0][2][2]$b$633 [0] }
    Consolidated identical input bits for $mux cell $memory$flatten\display.$auto$proc_rom.cc:150:do_switch$297$rdmux[0][3][4]$649:
      Old ports: A=7'0000000, B=7'0010000, Y=$memory$flatten\display.$auto$proc_rom.cc:150:do_switch$297$rdmux[0][2][2]$a$632
      New ports: A=1'0, B=1'1, Y=$memory$flatten\display.$auto$proc_rom.cc:150:do_switch$297$rdmux[0][2][2]$a$632 [4]
      New connections: { $memory$flatten\display.$auto$proc_rom.cc:150:do_switch$297$rdmux[0][2][2]$a$632 [6:5] $memory$flatten\display.$auto$proc_rom.cc:150:do_switch$297$rdmux[0][2][2]$a$632 [3:0] } = 6'000000
    Consolidated identical input bits for $mux cell $memory$flatten\display.$auto$proc_rom.cc:150:do_switch$297$rdmux[0][3][3]$646:
      Old ports: A=7'0000010, B=7'1111000, Y=$memory$flatten\display.$auto$proc_rom.cc:150:do_switch$297$rdmux[0][2][1]$b$630
      New ports: A=2'01, B=2'10, Y={ $memory$flatten\display.$auto$proc_rom.cc:150:do_switch$297$rdmux[0][2][1]$b$630 [3] $memory$flatten\display.$auto$proc_rom.cc:150:do_switch$297$rdmux[0][2][1]$b$630 [1] }
      New connections: { $memory$flatten\display.$auto$proc_rom.cc:150:do_switch$297$rdmux[0][2][1]$b$630 [6:4] $memory$flatten\display.$auto$proc_rom.cc:150:do_switch$297$rdmux[0][2][1]$b$630 [2] $memory$flatten\display.$auto$proc_rom.cc:150:do_switch$297$rdmux[0][2][1]$b$630 [0] } = { $memory$flatten\display.$auto$proc_rom.cc:150:do_switch$297$rdmux[0][2][1]$b$630 [3] $memory$flatten\display.$auto$proc_rom.cc:150:do_switch$297$rdmux[0][2][1]$b$630 [3] $memory$flatten\display.$auto$proc_rom.cc:150:do_switch$297$rdmux[0][2][1]$b$630 [3] 2'00 }
    Consolidated identical input bits for $mux cell $memory$flatten\display.$auto$proc_rom.cc:150:do_switch$297$rdmux[0][3][2]$643:
      Old ports: A=7'0011001, B=7'0010010, Y=$memory$flatten\display.$auto$proc_rom.cc:150:do_switch$297$rdmux[0][2][1]$a$629
      New ports: A=2'01, B=2'10, Y=$memory$flatten\display.$auto$proc_rom.cc:150:do_switch$297$rdmux[0][2][1]$a$629 [1:0]
      New connections: $memory$flatten\display.$auto$proc_rom.cc:150:do_switch$297$rdmux[0][2][1]$a$629 [6:2] = { 3'001 $memory$flatten\display.$auto$proc_rom.cc:150:do_switch$297$rdmux[0][2][1]$a$629 [0] 1'0 }
    Consolidated identical input bits for $mux cell $memory$flatten\display.$auto$proc_rom.cc:150:do_switch$297$rdmux[0][3][1]$640:
      Old ports: A=7'0100100, B=7'0110000, Y=$memory$flatten\display.$auto$proc_rom.cc:150:do_switch$297$rdmux[0][2][0]$b$627
      New ports: A=2'01, B=2'10, Y={ $memory$flatten\display.$auto$proc_rom.cc:150:do_switch$297$rdmux[0][2][0]$b$627 [4] $memory$flatten\display.$auto$proc_rom.cc:150:do_switch$297$rdmux[0][2][0]$b$627 [2] }
      New connections: { $memory$flatten\display.$auto$proc_rom.cc:150:do_switch$297$rdmux[0][2][0]$b$627 [6:5] $memory$flatten\display.$auto$proc_rom.cc:150:do_switch$297$rdmux[0][2][0]$b$627 [3] $memory$flatten\display.$auto$proc_rom.cc:150:do_switch$297$rdmux[0][2][0]$b$627 [1:0] } = 5'01000
    Consolidated identical input bits for $mux cell $memory$flatten\display.$auto$proc_rom.cc:150:do_switch$297$rdmux[0][3][0]$637:
      Old ports: A=7'1000000, B=7'1111001, Y=$memory$flatten\display.$auto$proc_rom.cc:150:do_switch$297$rdmux[0][2][0]$a$626
      New ports: A=1'0, B=1'1, Y=$memory$flatten\display.$auto$proc_rom.cc:150:do_switch$297$rdmux[0][2][0]$a$626 [0]
      New connections: $memory$flatten\display.$auto$proc_rom.cc:150:do_switch$297$rdmux[0][2][0]$a$626 [6:1] = { 1'1 $memory$flatten\display.$auto$proc_rom.cc:150:do_switch$297$rdmux[0][2][0]$a$626 [0] $memory$flatten\display.$auto$proc_rom.cc:150:do_switch$297$rdmux[0][2][0]$a$626 [0] $memory$flatten\display.$auto$proc_rom.cc:150:do_switch$297$rdmux[0][2][0]$a$626 [0] 2'00 }
    Consolidated identical input bits for $mux cell $memory$flatten\display.$auto$proc_rom.cc:150:do_switch$297$rdmux[0][3][7]$658:
      Old ports: A=7'0000110, B=7'0001110, Y=$memory$flatten\display.$auto$proc_rom.cc:150:do_switch$297$rdmux[0][2][3]$b$636
      New ports: A=1'0, B=1'1, Y=$memory$flatten\display.$auto$proc_rom.cc:150:do_switch$297$rdmux[0][2][3]$b$636 [3]
      New connections: { $memory$flatten\display.$auto$proc_rom.cc:150:do_switch$297$rdmux[0][2][3]$b$636 [6:4] $memory$flatten\display.$auto$proc_rom.cc:150:do_switch$297$rdmux[0][2][3]$b$636 [2:0] } = 6'000110
  Optimizing cells in module \top.
    Consolidated identical input bits for $mux cell $memory$flatten\display.$auto$proc_rom.cc:150:do_switch$297$rdmux[0][2][3]$634:
      Old ports: A=$memory$flatten\display.$auto$proc_rom.cc:150:do_switch$297$rdmux[0][2][3]$a$635, B=$memory$flatten\display.$auto$proc_rom.cc:150:do_switch$297$rdmux[0][2][3]$b$636, Y=$memory$flatten\display.$auto$proc_rom.cc:150:do_switch$297$rdmux[0][1][1]$b$624
      New ports: A={ $memory$flatten\display.$auto$proc_rom.cc:150:do_switch$297$rdmux[0][2][3]$a$635 [1] 1'0 $memory$flatten\display.$auto$proc_rom.cc:150:do_switch$297$rdmux[0][2][3]$a$635 [1:0] }, B={ 1'0 $memory$flatten\display.$auto$proc_rom.cc:150:do_switch$297$rdmux[0][2][3]$b$636 [3] 2'10 }, Y={ $memory$flatten\display.$auto$proc_rom.cc:150:do_switch$297$rdmux[0][1][1]$b$624 [6] $memory$flatten\display.$auto$proc_rom.cc:150:do_switch$297$rdmux[0][1][1]$b$624 [3] $memory$flatten\display.$auto$proc_rom.cc:150:do_switch$297$rdmux[0][1][1]$b$624 [1:0] }
      New connections: { $memory$flatten\display.$auto$proc_rom.cc:150:do_switch$297$rdmux[0][1][1]$b$624 [5:4] $memory$flatten\display.$auto$proc_rom.cc:150:do_switch$297$rdmux[0][1][1]$b$624 [2] } = { $memory$flatten\display.$auto$proc_rom.cc:150:do_switch$297$rdmux[0][1][1]$b$624 [0] 1'0 $memory$flatten\display.$auto$proc_rom.cc:150:do_switch$297$rdmux[0][1][1]$b$624 [1] }
    Consolidated identical input bits for $mux cell $memory$flatten\display.$auto$proc_rom.cc:150:do_switch$297$rdmux[0][2][2]$631:
      Old ports: A=$memory$flatten\display.$auto$proc_rom.cc:150:do_switch$297$rdmux[0][2][2]$a$632, B=$memory$flatten\display.$auto$proc_rom.cc:150:do_switch$297$rdmux[0][2][2]$b$633, Y=$memory$flatten\display.$auto$proc_rom.cc:150:do_switch$297$rdmux[0][1][1]$a$623
      New ports: A={ $memory$flatten\display.$auto$proc_rom.cc:150:do_switch$297$rdmux[0][2][2]$a$632 [4] 2'00 }, B={ 1'0 $memory$flatten\display.$auto$proc_rom.cc:150:do_switch$297$rdmux[0][2][2]$b$633 [3] $memory$flatten\display.$auto$proc_rom.cc:150:do_switch$297$rdmux[0][2][2]$b$633 [0] }, Y={ $memory$flatten\display.$auto$proc_rom.cc:150:do_switch$297$rdmux[0][1][1]$a$623 [4:3] $memory$flatten\display.$auto$proc_rom.cc:150:do_switch$297$rdmux[0][1][1]$a$623 [0] }
      New connections: { $memory$flatten\display.$auto$proc_rom.cc:150:do_switch$297$rdmux[0][1][1]$a$623 [6:5] $memory$flatten\display.$auto$proc_rom.cc:150:do_switch$297$rdmux[0][1][1]$a$623 [2:1] } = { 3'000 $memory$flatten\display.$auto$proc_rom.cc:150:do_switch$297$rdmux[0][1][1]$a$623 [0] }
    Consolidated identical input bits for $mux cell $memory$flatten\display.$auto$proc_rom.cc:150:do_switch$297$rdmux[0][2][1]$628:
      Old ports: A=$memory$flatten\display.$auto$proc_rom.cc:150:do_switch$297$rdmux[0][2][1]$a$629, B=$memory$flatten\display.$auto$proc_rom.cc:150:do_switch$297$rdmux[0][2][1]$b$630, Y=$memory$flatten\display.$auto$proc_rom.cc:150:do_switch$297$rdmux[0][1][0]$b$621
      New ports: A={ 2'01 $memory$flatten\display.$auto$proc_rom.cc:150:do_switch$297$rdmux[0][2][1]$a$629 [0] $memory$flatten\display.$auto$proc_rom.cc:150:do_switch$297$rdmux[0][2][1]$a$629 [1:0] }, B={ $memory$flatten\display.$auto$proc_rom.cc:150:do_switch$297$rdmux[0][2][1]$b$630 [3] $memory$flatten\display.$auto$proc_rom.cc:150:do_switch$297$rdmux[0][2][1]$b$630 [3] $memory$flatten\display.$auto$proc_rom.cc:150:do_switch$297$rdmux[0][2][1]$b$630 [3] $memory$flatten\display.$auto$proc_rom.cc:150:do_switch$297$rdmux[0][2][1]$b$630 [1] 1'0 }, Y={ $memory$flatten\display.$auto$proc_rom.cc:150:do_switch$297$rdmux[0][1][0]$b$621 [5:3] $memory$flatten\display.$auto$proc_rom.cc:150:do_switch$297$rdmux[0][1][0]$b$621 [1:0] }
      New connections: { $memory$flatten\display.$auto$proc_rom.cc:150:do_switch$297$rdmux[0][1][0]$b$621 [6] $memory$flatten\display.$auto$proc_rom.cc:150:do_switch$297$rdmux[0][1][0]$b$621 [2] } = { $memory$flatten\display.$auto$proc_rom.cc:150:do_switch$297$rdmux[0][1][0]$b$621 [5] 1'0 }
    Consolidated identical input bits for $mux cell $memory$flatten\display.$auto$proc_rom.cc:150:do_switch$297$rdmux[0][2][0]$625:
      Old ports: A=$memory$flatten\display.$auto$proc_rom.cc:150:do_switch$297$rdmux[0][2][0]$a$626, B=$memory$flatten\display.$auto$proc_rom.cc:150:do_switch$297$rdmux[0][2][0]$b$627, Y=$memory$flatten\display.$auto$proc_rom.cc:150:do_switch$297$rdmux[0][1][0]$a$620
      New ports: A={ 1'1 $memory$flatten\display.$auto$proc_rom.cc:150:do_switch$297$rdmux[0][2][0]$a$626 [0] $memory$flatten\display.$auto$proc_rom.cc:150:do_switch$297$rdmux[0][2][0]$a$626 [0] 1'0 $memory$flatten\display.$auto$proc_rom.cc:150:do_switch$297$rdmux[0][2][0]$a$626 [0] }, B={ 2'01 $memory$flatten\display.$auto$proc_rom.cc:150:do_switch$297$rdmux[0][2][0]$b$627 [4] $memory$flatten\display.$auto$proc_rom.cc:150:do_switch$297$rdmux[0][2][0]$b$627 [2] 1'0 }, Y={ $memory$flatten\display.$auto$proc_rom.cc:150:do_switch$297$rdmux[0][1][0]$a$620 [6:4] $memory$flatten\display.$auto$proc_rom.cc:150:do_switch$297$rdmux[0][1][0]$a$620 [2] $memory$flatten\display.$auto$proc_rom.cc:150:do_switch$297$rdmux[0][1][0]$a$620 [0] }
      New connections: { $memory$flatten\display.$auto$proc_rom.cc:150:do_switch$297$rdmux[0][1][0]$a$620 [3] $memory$flatten\display.$auto$proc_rom.cc:150:do_switch$297$rdmux[0][1][0]$a$620 [1] } = { $memory$flatten\display.$auto$proc_rom.cc:150:do_switch$297$rdmux[0][1][0]$a$620 [0] 1'0 }
  Optimizing cells in module \top.
Performed a total of 12 changes.

7.12.5. Executing OPT_MERGE pass (detect identical cells).
Finding identical cells in module `\top'.
<suppressed ~15 debug messages>
Removed a total of 5 cells.

7.12.6. Executing OPT_DFF pass (perform DFF optimizations).

7.12.7. Executing OPT_CLEAN pass (remove unused cells and wires).
Finding unused cells or wires in module \top..
Removed 0 unused cells and 21 unused wires.
<suppressed ~1 debug messages>

7.12.8. Executing OPT_EXPR pass (perform const folding).
Optimizing module top.

7.12.9. Rerunning OPT passes. (Maybe there is more to do..)

7.12.10. Executing OPT_MUXTREE pass (detect dead branches in mux trees).
Running muxtree optimizer on module \top..
  Creating internal representation of mux trees.
  Evaluating internal representation of mux trees.
  Analyzing evaluation results.
Removed 0 multiplexer ports.
<suppressed ~13 debug messages>

7.12.11. Executing OPT_REDUCE pass (consolidate $*mux and $reduce_* inputs).
  Optimizing cells in module \top.
Performed a total of 0 changes.

7.12.12. Executing OPT_MERGE pass (detect identical cells).
Finding identical cells in module `\top'.
Removed a total of 0 cells.

7.12.13. Executing OPT_DFF pass (perform DFF optimizations).

7.12.14. Executing OPT_CLEAN pass (remove unused cells and wires).
Finding unused cells or wires in module \top..

7.12.15. Executing OPT_EXPR pass (perform const folding).
Optimizing module top.

7.12.16. Finished OPT passes. (There is nothing left to do.)

7.13. Executing TECHMAP pass (map to technology primitives).

7.13.1. Executing Verilog-2005 frontend: C:\Users\ncs16\DOWNLO~1\OSS-CA~1\bin\../share/yosys/techmap.v
Parsing Verilog input from `C:\Users\ncs16\DOWNLO~1\OSS-CA~1\bin\../share/yosys/techmap.v' to AST representation.
Generating RTLIL representation for module `\_90_simplemap_bool_ops'.
Generating RTLIL representation for module `\_90_simplemap_reduce_ops'.
Generating RTLIL representation for module `\_90_simplemap_logic_ops'.
Generating RTLIL representation for module `\_90_simplemap_compare_ops'.
Generating RTLIL representation for module `\_90_simplemap_various'.
Generating RTLIL representation for module `\_90_simplemap_registers'.
Generating RTLIL representation for module `\_90_shift_ops_shr_shl_sshl_sshr'.
Generating RTLIL representation for module `\_90_shift_shiftx'.
Generating RTLIL representation for module `\_90_fa'.
Generating RTLIL representation for module `\_90_lcu'.
Generating RTLIL representation for module `\_90_alu'.
Generating RTLIL representation for module `\_90_macc'.
Generating RTLIL representation for module `\_90_alumacc'.
Generating RTLIL representation for module `\$__div_mod_u'.
Generating RTLIL representation for module `\$__div_mod_trunc'.
Generating RTLIL representation for module `\_90_div'.
Generating RTLIL representation for module `\_90_mod'.
Generating RTLIL representation for module `\$__div_mod_floor'.
Generating RTLIL representation for module `\_90_divfloor'.
Generating RTLIL representation for module `\_90_modfloor'.
Generating RTLIL representation for module `\_90_pow'.
Generating RTLIL representation for module `\_90_pmux'.
Generating RTLIL representation for module `\_90_demux'.
Generating RTLIL representation for module `\_90_lut'.
Successfully finished Verilog frontend.

7.13.2. Executing Verilog-2005 frontend: C:\Users\ncs16\DOWNLO~1\OSS-CA~1\bin\../share/yosys/gowin/arith_map.v
Parsing Verilog input from `C:\Users\ncs16\DOWNLO~1\OSS-CA~1\bin\../share/yosys/gowin/arith_map.v' to AST representation.
Generating RTLIL representation for module `\_80_gw1n_alu'.
Successfully finished Verilog frontend.

7.13.3. Continuing TECHMAP pass.
Using extmapper simplemap for cells of type $mux.
Using template $paramod$b8c0a997bce700f23568a5ada79cc6781d1f5ca0\_80_gw1n_alu for cells of type $alu.
Using extmapper simplemap for cells of type $logic_not.
Using extmapper simplemap for cells of type $xor.
Using extmapper simplemap for cells of type $eq.
Using extmapper simplemap for cells of type $not.
Using extmapper simplemap for cells of type $pos.
No more expansions possible.
<suppressed ~144 debug messages>

7.14. Executing OPT pass (performing simple optimizations).

7.14.1. Executing OPT_EXPR pass (perform const folding).
Optimizing module top.
<suppressed ~38 debug messages>

7.14.2. Executing OPT_MERGE pass (detect identical cells).
Finding identical cells in module `\top'.
<suppressed ~48 debug messages>
Removed a total of 16 cells.

7.14.3. Executing OPT_DFF pass (perform DFF optimizations).

7.14.4. Executing OPT_CLEAN pass (remove unused cells and wires).
Finding unused cells or wires in module \top..
Removed 9 unused cells and 50 unused wires.
<suppressed ~10 debug messages>

7.14.5. Finished fast OPT passes.

7.15. Executing IOPADMAP pass (mapping inputs/outputs to IO-PAD cells).
Mapping port top.c0 using IBUF.
Mapping port top.c1 using IBUF.
Mapping port top.c2 using IBUF.
Mapping port top.codigo_corregido using OBUF.
Mapping port top.i0 using IBUF.
Mapping port top.i1 using IBUF.
Mapping port top.i2 using IBUF.
Mapping port top.i3 using IBUF.
Mapping port top.led using OBUF.
Mapping port top.posicion using OBUF.
Mapping port top.segments using OBUF.
Mapping port top.switch using IBUF.

7.16. Executing OPT_CLEAN pass (remove unused cells and wires).
Finding unused cells or wires in module \top..
Removed 0 unused cells and 12 unused wires.
<suppressed ~1 debug messages>

7.17. Executing DFFLEGALIZE pass (convert FFs to types supported by the target).

7.18. Executing TECHMAP pass (map to technology primitives).

7.18.1. Executing Verilog-2005 frontend: C:\Users\ncs16\DOWNLO~1\OSS-CA~1\bin\../share/yosys/gowin/cells_map.v
Parsing Verilog input from `C:\Users\ncs16\DOWNLO~1\OSS-CA~1\bin\../share/yosys/gowin/cells_map.v' to AST representation.
Generating RTLIL representation for module `\$_DFF_N_'.
Generating RTLIL representation for module `\$_DFF_P_'.
Generating RTLIL representation for module `\$_DFFE_PP_'.
Generating RTLIL representation for module `\$_DFFE_NP_'.
Generating RTLIL representation for module `\$_SDFF_PP0_'.
Generating RTLIL representation for module `\$_SDFF_NP0_'.
Generating RTLIL representation for module `\$_SDFFE_PP0P_'.
Generating RTLIL representation for module `\$_SDFFE_NP0P_'.
Generating RTLIL representation for module `\$_SDFF_PP1_'.
Generating RTLIL representation for module `\$_SDFF_NP1_'.
Generating RTLIL representation for module `\$_SDFFE_PP1P_'.
Generating RTLIL representation for module `\$_SDFFE_NP1P_'.
Generating RTLIL representation for module `\$_DFF_PP1_'.
Generating RTLIL representation for module `\$_DFF_NP1_'.
Generating RTLIL representation for module `\$_DFF_PP0_'.
Generating RTLIL representation for module `\$_DFF_NP0_'.
Generating RTLIL representation for module `\$_DFFE_PP1P_'.
Generating RTLIL representation for module `\$_DFFE_NP1P_'.
Generating RTLIL representation for module `\$_DFFE_PP0P_'.
Generating RTLIL representation for module `\$_DFFE_NP0P_'.
Generating RTLIL representation for module `\$lut'.
Successfully finished Verilog frontend.

7.18.2. Continuing TECHMAP pass.
No more expansions possible.
<suppressed ~23 debug messages>

7.19. Executing OPT_EXPR pass (perform const folding).
Optimizing module top.

7.20. Executing SIMPLEMAP pass (map simple cells to gate primitives).

7.21. Executing ABC pass (technology mapping using ABC).

7.21.1. Extracting gate netlist of module `\top' to `<abc-temp-dir>/input.blif'..
Extracted 89 gates and 102 wires to a netlist network with 11 inputs and 24 outputs.

7.21.1.1. Executing ABC.
Running ABC command: "<yosys-exe-dir>/yosys-abc" -s -f <abc-temp-dir>/abc.script 2>&1
ABC: ABC command line: "source <abc-temp-dir>/abc.script".
ABC: 
ABC: + read_blif <abc-temp-dir>/input.blif 
ABC: + read_lut <abc-temp-dir>/lutdefs.txt 
ABC: + strash 
ABC: + &get -n 
ABC: + &fraig -x 
ABC: + &put 
ABC: + scorr 
ABC: Warning: The network is combinational (run "fraig" or "fraig_sweep").
ABC: + dc2 
ABC: + dretime 
ABC: + strash 
ABC: + dch -f 
ABC: + if 
ABC: + mfs2 
ABC: + write_blif <abc-temp-dir>/output.blif 

7.21.1.2. Re-integrating ABC results.
ABC RESULTS:              $lut cells:       30
ABC RESULTS:        internal signals:       67
ABC RESULTS:           input signals:       11
ABC RESULTS:          output signals:       24
Removing temp directory.
Removed 0 unused cells and 74 unused wires.

7.22. Executing TECHMAP pass (map to technology primitives).

7.22.1. Executing Verilog-2005 frontend: C:\Users\ncs16\DOWNLO~1\OSS-CA~1\bin\../share/yosys/gowin/cells_map.v
Parsing Verilog input from `C:\Users\ncs16\DOWNLO~1\OSS-CA~1\bin\../share/yosys/gowin/cells_map.v' to AST representation.
Generating RTLIL representation for module `\$_DFF_N_'.
Generating RTLIL representation for module `\$_DFF_P_'.
Generating RTLIL representation for module `\$_DFFE_PP_'.
Generating RTLIL representation for module `\$_DFFE_NP_'.
Generating RTLIL representation for module `\$_SDFF_PP0_'.
Generating RTLIL representation for module `\$_SDFF_NP0_'.
Generating RTLIL representation for module `\$_SDFFE_PP0P_'.
Generating RTLIL representation for module `\$_SDFFE_NP0P_'.
Generating RTLIL representation for module `\$_SDFF_PP1_'.
Generating RTLIL representation for module `\$_SDFF_NP1_'.
Generating RTLIL representation for module `\$_SDFFE_PP1P_'.
Generating RTLIL representation for module `\$_SDFFE_NP1P_'.
Generating RTLIL representation for module `\$_DFF_PP1_'.
Generating RTLIL representation for module `\$_DFF_NP1_'.
Generating RTLIL representation for module `\$_DFF_PP0_'.
Generating RTLIL representation for module `\$_DFF_NP0_'.
Generating RTLIL representation for module `\$_DFFE_PP1P_'.
Generating RTLIL representation for module `\$_DFFE_NP1P_'.
Generating RTLIL representation for module `\$_DFFE_PP0P_'.
Generating RTLIL representation for module `\$_DFFE_NP0P_'.
Generating RTLIL representation for module `\$lut'.
Successfully finished Verilog frontend.

7.22.2. Continuing TECHMAP pass.
Using template $paramod$afba570082948fa0722610442f6a21c39f8f6b09\$lut for cells of type $lut.
Using template $paramod$b559bcb1b27c0414aa39b11d8fff7ae885783fc0\$lut for cells of type $lut.
Using template $paramod$018475ce9db24dfab9f3ea18c7056df466aaea9b\$lut for cells of type $lut.
Using template $paramod$58f2c811861bc1b535afa047531498cc5600c25c\$lut for cells of type $lut.
Using template $paramod$9d6f742a824b16d0083e2ef2b236cf22738abb50\$lut for cells of type $lut.
Using template $paramod$c7999b1af1a4f55e7530809652ded5496ffc16ef\$lut for cells of type $lut.
Using template $paramod$dc2d5568aaf46ea245bf381d636bd60971d515bb\$lut for cells of type $lut.
Using template $paramod$c879e6c5f1d81d223eb80afe6732c6415e15962a\$lut for cells of type $lut.
Using template $paramod\$lut\WIDTH=32'00000000000000000000000000000010\LUT=4'0100 for cells of type $lut.
Using template $paramod\$lut\WIDTH=32'00000000000000000000000000000011\LUT=8'01001011 for cells of type $lut.
Using template $paramod$6bca8d345d26829068ad91403a25fbe3e0885c1a\$lut for cells of type $lut.
Using template $paramod\$lut\WIDTH=32'00000000000000000000000000000010\LUT=4'1110 for cells of type $lut.
Using template $paramod$bff35d97b07dddb273c72678bf847e2b78003681\$lut for cells of type $lut.
Using template $paramod$7614968db5bb082ee538195c00594779836d04ec\$lut for cells of type $lut.
Using template $paramod$9a3929a2b62516fa9b423e56277684334154d0ac\$lut for cells of type $lut.
Using template $paramod$ef6f9494c41321ef63579b1462fd44bdf781fd1c\$lut for cells of type $lut.
Using template $paramod\$lut\WIDTH=32'00000000000000000000000000000011\LUT=8'10000111 for cells of type $lut.
Using template $paramod$01600f320cea5a3e57d6e1854a04f2e39093d826\$lut for cells of type $lut.
Using template $paramod\$lut\WIDTH=32'00000000000000000000000000000001\LUT=2'01 for cells of type $lut.
Using template $paramod$fd904e9e35cfd343a9df248824bd3f1408724879\$lut for cells of type $lut.
Using template $paramod$82c7da21ee1f515fddfc942d288ef4b9d4cde5c4\$lut for cells of type $lut.
Using template $paramod\$lut\WIDTH=32'00000000000000000000000000000011\LUT=8'10110100 for cells of type $lut.
Using template $paramod$866657381d78a8e69b38ec6b62ce3418e09155b4\$lut for cells of type $lut.
Using template $paramod$79ff80d0a612cb8217edf4edb2f35e6091d1434b\$lut for cells of type $lut.
Using template $paramod\$lut\WIDTH=32'00000000000000000000000000000011\LUT=8'01111000 for cells of type $lut.
Using template $paramod$3f50ece8f2ef816354379d931cced6911cbdbacd\$lut for cells of type $lut.
Using template $paramod$4bf763705b38e9975609f9cdeb570e6ef0831053\$lut for cells of type $lut.
Using template $paramod$e52cca8a2082191981a498b0b6290887fb01f818\$lut for cells of type $lut.
Using template $paramod$a79d8ea73a494451a9ddc8f6ff3fc8c53866a363\$lut for cells of type $lut.
Using template $paramod$7acb39eec0189e584b66719fdb341b9f5cf9a0b2\$lut for cells of type $lut.
Using template $paramod$db3d32adc6a4a442689e1b596bd895b09c36336f\$lut for cells of type $lut.
Using template $paramod$32b763a97c09bd1bea03777182a9c2b6492edcdc\$lut for cells of type $lut.
Using template $paramod$eacec56d9f8a17dd8bd05ab410777702ff3be351\$lut for cells of type $lut.
Using template $paramod$4914ca56bba2c73d735fb81b49d148dbe2831226\$lut for cells of type $lut.
Using template $paramod$a01265bae9ca5e08a9ee32e65966adc269098bc2\$lut for cells of type $lut.
Using template $paramod$668de34e291a5bf03bc3ebe11c189eddcc9088e9\$lut for cells of type $lut.
Using template $paramod$de58a9468e8ce15b86c970c194b88507c8c92a74\$lut for cells of type $lut.
Using template $paramod$8f06d07a127ff875b1d9e8832a30e7d85de2e681\$lut for cells of type $lut.
Using template $paramod$7c33387cf6dabb1d1fd3ed699b3dccd9b77134fd\$lut for cells of type $lut.
Using template $paramod$eac7ee502612457d62e471974b70426d3c28f7fd\$lut for cells of type $lut.
Using template $paramod$176551d35dd216f713f1ba45dea7fa537f42dadb\$lut for cells of type $lut.
Using template $paramod$5d6a2285bbb53630ecc8ab874a4b6fe3d71ad8b1\$lut for cells of type $lut.
Using template $paramod$ff54e4d28bc1e63f8ea8175e17e503714992d8e0\$lut for cells of type $lut.
Using template $paramod$3aac200b1ee408e2209f36da43590d012f3b4c43\$lut for cells of type $lut.
Using template $paramod$67969c1700772eba85fde25a0f480099ea357856\$lut for cells of type $lut.
Using template $paramod$59a2346efe12e75248578858edb545b63af22850\$lut for cells of type $lut.
Using template $paramod$6d26ea5e0adfba05d2f4b90a002730872ed0f400\$lut for cells of type $lut.
Using template $paramod$d597b9c21a5ae5d1ec3c36d687a6edc904b59620\$lut for cells of type $lut.
Using template $paramod$9f0f8e3047d049dcd35f5c29710104dc758c0dac\$lut for cells of type $lut.
Using template $paramod$7b731721d703903c6dfa47c66ceb054ec8f36c6c\$lut for cells of type $lut.
Using template $paramod$19b0f11ef8894e19871e01313efb01b4901fd8cb\$lut for cells of type $lut.
Using template $paramod$911f026ffc298b462c7834ce42e13050cb76a970\$lut for cells of type $lut.
Using template $paramod$461b95cd00f12c2a1446ff19afe7a505ed192dd3\$lut for cells of type $lut.
Using template $paramod$ad043da5ac73bb5f4e7bb0ca8f155b5ffb5b8662\$lut for cells of type $lut.
Using template $paramod$45e497ab1b54edbe666a53abd47d23b17c9bf767\$lut for cells of type $lut.
Using template $paramod$577fccbdce443e77b85b3a1fd131d9100bee56a7\$lut for cells of type $lut.
Using template $paramod$24517b27d150497be0674d74f29af5f08d05a0ad\$lut for cells of type $lut.
Using template $paramod$062471edf89154e34c0b5330adba7d97778d968e\$lut for cells of type $lut.
Using template $paramod$127357723c64bc1f8a421abed91285f8166b9e8e\$lut for cells of type $lut.
Using template $paramod$f8b78edebe141757c98ca451eef5028046e48d02\$lut for cells of type $lut.
Using template $paramod$afb742e5b30213a0b722e0866cc620559a0c0739\$lut for cells of type $lut.
Using template $paramod$c72a6f147ebba54fce32153c687a39702e36118e\$lut for cells of type $lut.
No more expansions possible.
<suppressed ~945 debug messages>

7.23. Executing OPT_LUT_INS pass (discard unused LUT inputs).
Optimizing LUTs in top.
  Optimizing lut $abc$942$auto$blifparse.cc:525:parse_blif$962.genblk1.genblk1.genblk1.genblk1.genblk1.genblk1.lut1.genblk1.genblk1.genblk1.genblk1.genblk1.lut0 (4 -> 2)
  Optimizing lut $abc$942$auto$blifparse.cc:525:parse_blif$962.genblk1.genblk1.genblk1.genblk1.genblk1.genblk1.lut1.genblk1.genblk1.genblk1.genblk1.genblk1.lut1 (4 -> 2)

7.24. Executing SETUNDEF pass (replace undef values with defined constants).

7.25. Executing HILOMAP pass (mapping to constant drivers).
Removed 0 unused cells and 234 unused wires.

7.26. Executing AUTONAME pass.
Renamed 1212 objects in module top (20 iterations).
<suppressed ~245 debug messages>

7.27. Executing HIERARCHY pass (managing design hierarchy).

7.27.1. Analyzing design hierarchy..
Top module:  \top

7.27.2. Analyzing design hierarchy..
Top module:  \top
Removed 0 unused modules.

7.28. Printing statistics.

=== top ===

   Number of wires:                128
   Number of wire bits:            227
   Number of public wires:         128
   Number of public wire bits:     227
   Number of memories:               0
   Number of memory bits:            0
   Number of processes:              0
   Number of cells:                150
     ALU                             3
     GND                             1
     IBUF                            8
     LUT1                            2
     LUT2                            4
     LUT3                            4
     LUT4                           63
     MUX2_LUT5                      25
     MUX2_LUT6                      11
     MUX2_LUT7                       5
     MUX2_LUT8                       2
     OBUF                           21
     VCC                             1

7.29. Executing CHECK pass (checking for obvious problems).
Checking module top...
Found and reported 0 problems.

7.30. Executing JSON backend.

End of script. Logfile hash: 7f411a4b0b
Yosys 0.26+1 (git sha1 b1a011138, x86_64-w64-mingw32-g++ 9.2.1 -Os)
Time spent: 1% 15x read_verilog (0 sec), 1% 15x opt_expr (0 sec), ...
